<?xml version="1.0" encoding="UTF-8"?>
<robot generator="Robot 4.1.3 (Python 3.11.4 on win32)" generated="20230830 18:39:50.559" rpa="false" schemaversion="2">
<suite id="s1" name="Datatst" source="c:\Users\DELL\eclipse-workspace\Myrobo\datatst.robot">
<test id="s1-t1" name="one ">
<kw name="Excel handel checking">
<arg>onavin2001@gmail.com</arg>
<arg>admino1</arg>
<kw name="Open Browser" library="SeleniumLibrary">
<arg>${url}</arg>
<arg>${browser}</arg>
<doc>Opens a new browser instance to the optional ``url``.</doc>
<msg timestamp="20230830 18:39:53.690" level="INFO">Opening browser 'edge' to base url 'https://online.actitime.com/navtech/login.do'.</msg>
<msg timestamp="20230830 18:39:54.834" level="WARN">The msedgedriver version (116.0.1938.54) detected in PATH at C:\edge\msedgedriver.exe might not be compatible with the detected edge version (116.0.1938.62); currently, msedgedriver 116.0.1938.62 is recommended for edge 116.*, so it is advised to delete the driver in PATH and retry</msg>
<status status="PASS" starttime="20230830 18:39:53.688" endtime="20230830 18:40:02.538"/>
</kw>
<kw name="Set Browser Implicit Wait" library="SeleniumLibrary">
<arg>10</arg>
<doc>Sets the implicit wait value used by Selenium.</doc>
<status status="PASS" starttime="20230830 18:40:02.540" endtime="20230830 18:40:02.545"/>
</kw>
<kw name="Maximize Browser Window" library="SeleniumLibrary">
<doc>Maximizes current browser window.</doc>
<status status="PASS" starttime="20230830 18:40:02.546" endtime="20230830 18:40:02.682"/>
</kw>
<kw name="Input Text" library="SeleniumLibrary">
<arg>id=username</arg>
<arg>${Adminusername}</arg>
<doc>Types the given ``text`` into the text field identified by ``locator``.</doc>
<msg timestamp="20230830 18:40:02.684" level="INFO">Typing text 'onavin2001@gmail.com' into text field 'id=username'.</msg>
<status status="PASS" starttime="20230830 18:40:02.683" endtime="20230830 18:40:02.933"/>
</kw>
<kw name="Input Text" library="SeleniumLibrary">
<arg>name=pwd</arg>
<arg>${Adminpasswod}</arg>
<doc>Types the given ``text`` into the text field identified by ``locator``.</doc>
<msg timestamp="20230830 18:40:02.935" level="INFO">Typing text 'admino1' into text field 'name=pwd'.</msg>
<status status="PASS" starttime="20230830 18:40:02.933" endtime="20230830 18:40:03.096"/>
</kw>
<status status="PASS" starttime="20230830 18:39:53.685" endtime="20230830 18:40:03.097"/>
</kw>
<status status="PASS" starttime="20230830 18:39:53.679" endtime="20230830 18:40:03.098"/>
</test>
<test id="s1-t2" name="two">
<kw name="Excel handel checking">
<arg>onavin2001@gmail.com</arg>
<arg>admino1</arg>
<kw name="Open Browser" library="SeleniumLibrary">
<arg>${url}</arg>
<arg>${browser}</arg>
<doc>Opens a new browser instance to the optional ``url``.</doc>
<msg timestamp="20230830 18:40:03.108" level="INFO">Opening browser 'edge' to base url 'https://online.actitime.com/navtech/login.do'.</msg>
<msg timestamp="20230830 18:40:03.981" level="WARN">The msedgedriver version (116.0.1938.54) detected in PATH at C:\edge\msedgedriver.exe might not be compatible with the detected edge version (116.0.1938.62); currently, msedgedriver 116.0.1938.62 is recommended for edge 116.*, so it is advised to delete the driver in PATH and retry</msg>
<status status="PASS" starttime="20230830 18:40:03.106" endtime="20230830 18:40:12.225"/>
</kw>
<kw name="Set Browser Implicit Wait" library="SeleniumLibrary">
<arg>10</arg>
<doc>Sets the implicit wait value used by Selenium.</doc>
<status status="PASS" starttime="20230830 18:40:12.226" endtime="20230830 18:40:12.229"/>
</kw>
<kw name="Maximize Browser Window" library="SeleniumLibrary">
<doc>Maximizes current browser window.</doc>
<status status="PASS" starttime="20230830 18:40:12.229" endtime="20230830 18:40:12.373"/>
</kw>
<kw name="Input Text" library="SeleniumLibrary">
<arg>id=username</arg>
<arg>${Adminusername}</arg>
<doc>Types the given ``text`` into the text field identified by ``locator``.</doc>
<msg timestamp="20230830 18:40:12.375" level="INFO">Typing text 'onavin2001@gmail.com' into text field 'id=username'.</msg>
<status status="PASS" starttime="20230830 18:40:12.374" endtime="20230830 18:40:12.628"/>
</kw>
<kw name="Input Text" library="SeleniumLibrary">
<arg>name=pwd</arg>
<arg>${Adminpasswod}</arg>
<doc>Types the given ``text`` into the text field identified by ``locator``.</doc>
<msg timestamp="20230830 18:40:12.629" level="INFO">Typing text 'admino1' into text field 'name=pwd'.</msg>
<status status="PASS" starttime="20230830 18:40:12.628" endtime="20230830 18:40:12.789"/>
</kw>
<status status="PASS" starttime="20230830 18:40:03.105" endtime="20230830 18:40:12.789"/>
</kw>
<status status="PASS" starttime="20230830 18:40:03.100" endtime="20230830 18:40:12.791"/>
</test>
<status status="PASS" starttime="20230830 18:39:50.570" endtime="20230830 18:40:12.794"/>
</suite>
<statistics>
<total>
<stat pass="2" fail="0" skip="0">All Tests</stat>
</total>
<tag>
</tag>
<suite>
<stat pass="2" fail="0" skip="0" id="s1" name="Datatst">Datatst</stat>
</suite>
</statistics>
<errors>
<msg timestamp="20230830 18:39:54.834" level="WARN">The msedgedriver version (116.0.1938.54) detected in PATH at C:\edge\msedgedriver.exe might not be compatible with the detected edge version (116.0.1938.62); currently, msedgedriver 116.0.1938.62 is recommended for edge 116.*, so it is advised to delete the driver in PATH and retry</msg>
<msg timestamp="20230830 18:40:03.981" level="WARN">The msedgedriver version (116.0.1938.54) detected in PATH at C:\edge\msedgedriver.exe might not be compatible with the detected edge version (116.0.1938.62); currently, msedgedriver 116.0.1938.62 is recommended for edge 116.*, so it is advised to delete the driver in PATH and retry</msg>
</errors>
</robot>
